<?xml version="1.0" encoding="UTF-8"?>
<!-- Generated by org.testng.reporters.JUnitReportReporter -->
<testsuite hostname="TVLLAP26" failures="0" tests="1" name="com.calculatorTest.AdditionTest" time="2.598" errors="0" timestamp="2024-08-12T15:21:15 BDT" skipped="0">
  <testcase classname="com.calculatorTest.AdditionTest" name="addTwoNumbers" time="2.598"/>
  <system-out/>
</testsuite> <!-- com.calculatorTest.AdditionTest -->
